<?xml version="1.0" encoding="UTF-8"?>
<!-- Generated by org.testng.reporters.JUnitXMLReporter -->
<testsuite ignored="0" hostname="SK-PC" failures="0" tests="1" name="TestFb" time="44.513" errors="0" timestamp="2020-10-14T13:33:01 IST">
  <testcase classname="fbTest.Fb" name="@AfterClass closebrow" time="0.001">
    <failure type="java.lang.NullPointerException" message="Cannot invoke &amp;quot;org.openqa.selenium.WebDriver.quit()&amp;quot; because &amp;quot;this.driver&amp;quot; is null">
      <![CDATA[java.lang.NullPointerException: Cannot invoke "org.openqa.selenium.WebDriver.quit()" because "this.driver" is null
at fbTest.Fb.closebrow(Fb.java:70)
at java.base/java.util.ArrayList.forEach(ArrayList.java:1510)
... Removed 25 stack frames]]>
    </failure>
  </testcase> <!-- @AfterClass closebrow -->
  <testcase classname="fbTest.Fb" name="homepage" time="19.318"/>
</testsuite> <!-- TestFb -->
